Arguments: 
  C:\Users\Octavio\scoop\apps\nvm\current\nodejs\nodejs\node.exe C:\Users\Octavio\.node\corepack\yarn\1.22.15\bin\yarn.js add typescript

PATH: 
  D:\Documentos\WindowsPowerShell\Modules\oh-my-posh;D:\Documentos\WindowsPowerShell\Modules\oh-my-posh;C:\Program Files (x86)\VMware\VMware Player\bin\;C:\Program Files\Eclipse Adoptium\jdk-17.0.2.8-hotspot\bin;C:\ProgramData\Oracle\Java\javapath;C:\Program Files\Common Files\Oracle\Java\javapath;C:\Program Files (x86)\Common Files\Oracle\Java\javapath;C:\Windows\system32;C:\Windows;C:\Windows\System32\Wbem;C:\Windows\System32\WindowsPowerShell\v1.0\;C:\Windows\System32\OpenSSH\;C:\Program Files\dotnet\;C:\Program Files\Git\cmd;C:\xampp\php;C:\ProgramData\ComposerSetup\bin;C:\Program Files\GitHub CLI\;C:\Program Files\Docker\Docker\resources\bin;C:\ProgramData\DockerDesktop\version-bin;C:\Users\Octavio\.cargo\bin;C:\Users\Octavio\scoop\apps\nvm\current\nodejs\nodejs;C:\Users\Octavio\scoop\shims;C:\Users\Octavio\AppData\Local\Programs\Python\Python39\Scripts\;C:\Users\Octavio\AppData\Local\Programs\Python\Python39\;C:\Users\Octavio\AppData\Local\Microsoft\WindowsApps;C:\Users\Octavio\AppData\Local\Programs\Microsoft VS Code\bin;C:\Users\Octavio\AppData\Local\hyper\app-3.0.2\resources\bin;C:\Users\Octavio\AppData\Local\GitHubDesktop\bin;C:\Program Files\JetBrains\IntelliJ IDEA 2020.3.3\bin;C:\Program Files\JetBrains\IntelliJ IDEA Community Edition 2020.3.3\bin;C:\Program Files\JetBrains\WebStorm 2022.1\bin;C:\Program Files\JetBrains\IntelliJ IDEA 2022.1\bin;C:\Users\Octavio\AppData\Roaming\Composer\vendor\bin;C:\Program Files\JetBrains\PhpStorm 2022.1.1\bin

Yarn version: 
  1.22.15

Node version: 
  16.13.1

Platform: 
  win32 x64

Trace: 
  Error: connect ETIMEDOUT 104.16.22.35:443
      at TCPConnectWrap.afterConnect [as oncomplete] (node:net:1161:16)

npm manifest: 
  {
    "name": "6-heroku-deploy",
    "version": "1.0.0",
    "license": "MIT",
    "scripts": {
      "build": "tsc index.ts"
    },
    "dependencies": {
      "@types/node": "^18.7.22",
      "tsc": "^2.0.4"
    }
  }

yarn manifest: 
  No manifest

Lockfile: 
  # THIS IS AN AUTOGENERATED FILE. DO NOT EDIT THIS FILE DIRECTLY.
  # yarn lockfile v1
  
  
  "@types/node@^18.7.22":
    version "18.7.22"
    resolved "https://registry.yarnpkg.com/@types/node/-/node-18.7.22.tgz#76f7401362ad63d9d7eefa7dcdfa5fcd9baddff3"
    integrity sha512-TsmoXYd4zrkkKjJB0URF/mTIKPl+kVcbqClB2F/ykU7vil1BfWZVndOnpEIozPv4fURD28gyPFeIkW2G+KXOvw==
  
  tsc@^2.0.4:
    version "2.0.4"
    resolved "https://registry.yarnpkg.com/tsc/-/tsc-2.0.4.tgz#5f6499146abea5dca4420b451fa4f2f9345238f5"
    integrity sha512-fzoSieZI5KKJVBYGvwbVZs/J5za84f2lSTLPYf6AGiIf43tZ3GNrI1QzTLcjtyDDP4aLxd46RTZq1nQxe7+k5Q==
